2025-09-06 13:19:00 | DEBUG | repo=pv243-2015-web-seminar | action=commit
2025-05-08 12:44:00 | WARN | repo=pv243-2015-web-seminar | action=test | passed=true
2025-01-21 19:44:00 | WARN | repo=pv243-2015-web-seminar | action=commit
2025-08-25 19:57:00 | DEBUG | repo=pv243-2015-web-seminar | action=commit
2025-12-09 11:27:00 | DEBUG | repo=pv243-2015-web-seminar | action=commit
2025-07-26 10:47:00 | DEBUG | repo=pv243-2015-web-seminar | action=edit | files=3
2025-05-02 20:27:00 | DEBUG | repo=pv243-2015-web-seminar | action=commit
2025-11-10 07:10:00 | WARN | repo=pv243-2015-web-seminar | action=edit | files=2
2025-10-22 08:46:00 | INFO | repo=pv243-2015-web-seminar | action=commit
2025-08-21 19:56:00 | DEBUG | repo=pv243-2015-web-seminar | action=pull
2025-02-02 19:34:00 | WARN | repo=pv243-2015-web-seminar | action=commit
2025-09-05 11:54:00 | WARN | repo=pv243-2015-web-seminar | action=commit
2025-01-13 07:56:00 | WARN | repo=pv243-2015-web-seminar | action=commit
2025-01-24 13:42:00 | INFO | repo=pv243-2015-web-seminar | action=commit
2025-04-07 15:50:00 | INFO | repo=pv243-2015-web-seminar | action=commit
2025-10-09 08:03:00 | WARN | repo=pv243-2015-web-seminar | action=commit
2025-12-14 08:39:00 | INFO | repo=pv243-2015-web-seminar | action=commit
2025-01-11 21:36:00 | INFO | repo=pv243-2015-web-seminar | action=commit
2025-12-19 20:00:00 | WARN | repo=pv243-2015-web-seminar | action=commit
2025-12-13 07:58:00 | INFO | repo=pv243-2015-web-seminar | action=commit
